c:\users\15303\desktop\cs\cad\build\bin-int\x86_64-debug\vc143.pdb
c:\users\15303\desktop\cs\cad\build\bin-int\x86_64-debug\vc143.idb
c:\users\15303\desktop\cs\cad\build\bin-int\x86_64-debug\shader.obj
c:\users\15303\desktop\cs\cad\build\bin-int\x86_64-debug\coloredshader.obj
c:\users\15303\desktop\cs\cad\build\bin-int\x86_64-debug\vertexbuffer.obj
c:\users\15303\desktop\cs\cad\build\bin-int\x86_64-debug\vertexarray.obj
c:\users\15303\desktop\cs\cad\build\bin-int\x86_64-debug\renderer.obj
c:\users\15303\desktop\cs\cad\build\bin-int\x86_64-debug\openglutils.obj
c:\users\15303\desktop\cs\cad\build\bin-int\x86_64-debug\indexbuffer.obj
c:\users\15303\desktop\cs\cad\build\bin-int\x86_64-debug\main.obj
c:\users\15303\desktop\cs\cad\build\bin-int\x86_64-debug\gui.obj
c:\users\15303\desktop\cs\cad\build\bin-int\x86_64-debug\triangle.obj
c:\users\15303\desktop\cs\cad\build\bin-int\x86_64-debug\eventmanager.obj
c:\users\15303\desktop\cs\cad\build\bin-int\x86_64-debug\window.obj
c:\users\15303\desktop\cs\cad\build\bin-int\x86_64-debug\application.obj
c:\users\15303\desktop\cs\cad\build\bin-int\x86_64-debug\imgui_widgets.obj
c:\users\15303\desktop\cs\cad\build\bin-int\x86_64-debug\imgui_tables.obj
c:\users\15303\desktop\cs\cad\build\bin-int\x86_64-debug\imgui_impl_opengl3.obj
c:\users\15303\desktop\cs\cad\build\bin-int\x86_64-debug\imgui_impl_glfw.obj
c:\users\15303\desktop\cs\cad\build\bin-int\x86_64-debug\imgui_draw.obj
c:\users\15303\desktop\cs\cad\build\bin-int\x86_64-debug\imgui_demo.obj
c:\users\15303\desktop\cs\cad\build\bin-int\x86_64-debug\imgui.obj
c:\users\15303\desktop\cs\cad\build\bin-int\x86_64-debug\scene.obj
c:\users\15303\desktop\cs\cad\build\bin-int\x86_64-debug\constructionplane.obj
c:\users\15303\desktop\cs\cad\build\bin-int\x86_64-debug\camera.obj
c:\users\15303\desktop\cs\cad\build\bin-int\x86_64-debug\texturedshader.obj
c:\users\15303\desktop\cs\cad\build\bin-int\x86_64-debug\shaderprogram.obj
c:\users\15303\desktop\cs\cad\build\bin-int\x86_64-debug\shadermanager.obj
c:\users\15303\desktop\cs\cad\build\bin-int\x86_64-debug\cad.ilk
c:\users\15303\desktop\cs\cad\build\bin\x86_64-debug\cad.exe
c:\users\15303\desktop\cs\cad\build\bin\x86_64-debug\cad.pdb
c:\users\15303\desktop\cs\cad\build\bin-int\x86_64-debug\cad.tlog\cl.command.1.tlog
c:\users\15303\desktop\cs\cad\build\bin-int\x86_64-debug\cad.tlog\cl.read.1.tlog
c:\users\15303\desktop\cs\cad\build\bin-int\x86_64-debug\cad.tlog\cl.write.1.tlog
c:\users\15303\desktop\cs\cad\build\bin-int\x86_64-debug\cad.tlog\link.command.1.tlog
c:\users\15303\desktop\cs\cad\build\bin-int\x86_64-debug\cad.tlog\link.read.1.tlog
c:\users\15303\desktop\cs\cad\build\bin-int\x86_64-debug\cad.tlog\link.write.1.tlog
